c:\users\gh563\desktop\욱채자습\루키스강의\windowscoding\gamecoding\gamecoding\x64\debug\vc143.pdb
c:\users\gh563\desktop\욱채자습\루키스강의\windowscoding\gamecoding\gamecoding\x64\debug\vc143.idb
c:\users\gh563\desktop\욱채자습\루키스강의\windowscoding\gamecoding\gamecoding\x64\debug\gamecoding.obj
c:\users\gh563\desktop\욱채자습\루키스강의\windowscoding\gamecoding\gamecoding\x64\debug\game.obj
c:\users\gh563\desktop\욱채자습\루키스강의\windowscoding\gamecoding\gamecoding\x64\debug\gamecoding.pch
c:\users\gh563\desktop\욱채자습\루키스강의\windowscoding\gamecoding\gamecoding\x64\debug\pch.obj
c:\users\gh563\desktop\욱채자습\루키스강의\windowscoding\gamecoding\gamecoding\x64\debug\timemanager.obj
c:\users\gh563\desktop\욱채자습\루키스강의\windowscoding\gamecoding\gamecoding\x64\debug\inputmanager.obj
c:\users\gh563\desktop\욱채자습\루키스강의\windowscoding\gamecoding\x64\debug\gamecoding.exe
c:\users\gh563\desktop\욱채자습\루키스강의\windowscoding\gamecoding\x64\debug\gamecoding.pdb
c:\users\gh563\desktop\욱채자습\루키스강의\windowscoding\gamecoding\gamecoding\x64\debug\gamecoding.res
c:\users\gh563\desktop\욱채자습\루키스강의\windowscoding\gamecoding\gamecoding\x64\debug\gamecoding.ilk
c:\users\gh563\desktop\욱채자습\루키스강의\windowscoding\gamecoding\gamecoding\x64\debug\gamecoding.tlog\cl.command.1.tlog
c:\users\gh563\desktop\욱채자습\루키스강의\windowscoding\gamecoding\gamecoding\x64\debug\gamecoding.tlog\cl.items.tlog
c:\users\gh563\desktop\욱채자습\루키스강의\windowscoding\gamecoding\gamecoding\x64\debug\gamecoding.tlog\cl.read.1.tlog
c:\users\gh563\desktop\욱채자습\루키스강의\windowscoding\gamecoding\gamecoding\x64\debug\gamecoding.tlog\cl.write.1.tlog
c:\users\gh563\desktop\욱채자습\루키스강의\windowscoding\gamecoding\gamecoding\x64\debug\gamecoding.tlog\link.command.1.tlog
c:\users\gh563\desktop\욱채자습\루키스강의\windowscoding\gamecoding\gamecoding\x64\debug\gamecoding.tlog\link.read.1.tlog
c:\users\gh563\desktop\욱채자습\루키스강의\windowscoding\gamecoding\gamecoding\x64\debug\gamecoding.tlog\link.secondary.1.tlog
c:\users\gh563\desktop\욱채자습\루키스강의\windowscoding\gamecoding\gamecoding\x64\debug\gamecoding.tlog\link.write.1.tlog
c:\users\gh563\desktop\욱채자습\루키스강의\windowscoding\gamecoding\gamecoding\x64\debug\gamecoding.tlog\rc.command.1.tlog
c:\users\gh563\desktop\욱채자습\루키스강의\windowscoding\gamecoding\gamecoding\x64\debug\gamecoding.tlog\rc.read.1.tlog
c:\users\gh563\desktop\욱채자습\루키스강의\windowscoding\gamecoding\gamecoding\x64\debug\gamecoding.tlog\rc.write.1.tlog
